The system is: Linux - shell-init: error retrieving current directory: getcwd: cannot access parent directories: No such file or directory
4.18.0-193.28.1.el8_2.x86_64 - shell-init: error retrieving current directory: getcwd: cannot access parent directories: No such file or directory
x86_64
Determining if the C compiler works passed with the following output:
Change Dir: /root/project/Cluster-Chat-Server/build/CMakeFiles/CMakeTmp

Run Build Command:"/usr/bin/gmake" "cmTC_96b10/fast"
/usr/bin/gmake -f CMakeFiles/cmTC_96b10.dir/build.make CMakeFiles/cmTC_96b10.dir/build
gmake[1]: Entering directory '/root/project/Cluster-Chat-Server/build/CMakeFiles/CMakeTmp'
Building C object CMakeFiles/cmTC_96b10.dir/testCCompiler.c.o
/usr/bin/gcc    -o CMakeFiles/cmTC_96b10.dir/testCCompiler.c.o   -c /root/project/Cluster-Chat-Server/build/CMakeFiles/CMakeTmp/testCCompiler.c
Linking C executable cmTC_96b10
/usr/bin/cmake -E cmake_link_script CMakeFiles/cmTC_96b10.dir/link.txt --verbose=1
/usr/bin/gcc      CMakeFiles/cmTC_96b10.dir/testCCompiler.c.o  -o cmTC_96b10 
gmake[1]: Leaving directory '/root/project/Cluster-Chat-Server/build/CMakeFiles/CMakeTmp'


Detecting C compiler ABI info compiled with the following output:
Change Dir: /root/project/Cluster-Chat-Server/build/CMakeFiles/CMakeTmp

Run Build Command:"/usr/bin/gmake" "cmTC_33c10/fast"
/usr/bin/gmake -f CMakeFiles/cmTC_33c10.dir/build.make CMakeFiles/cmTC_33c10.dir/build
gmake[1]: Entering directory '/root/project/Cluster-Chat-Server/build/CMakeFiles/CMakeTmp'
Building C object CMakeFiles/cmTC_33c10.dir/CMakeCCompilerABI.c.o
/usr/bin/gcc    -o CMakeFiles/cmTC_33c10.dir/CMakeCCompilerABI.c.o   -c /usr/share/cmake/Modules/CMakeCCompilerABI.c
Linking C executable cmTC_33c10
/usr/bin/cmake -E cmake_link_script CMakeFiles/cmTC_33c10.dir/link.txt --verbose=1
/usr/bin/gcc      CMakeFiles/cmTC_33c10.dir/CMakeCCompilerABI.c.o  -o cmTC_33c10 
gmake[1]: Leaving directory '/root/project/Cluster-Chat-Server/build/CMakeFiles/CMakeTmp'


Determining if the CXX compiler works passed with the following output:
Change Dir: /root/project/Cluster-Chat-Server/build/CMakeFiles/CMakeTmp

Run Build Command:"/usr/bin/gmake" "cmTC_d8126/fast"
/usr/bin/gmake -f CMakeFiles/cmTC_d8126.dir/build.make CMakeFiles/cmTC_d8126.dir/build
gmake[1]: Entering directory '/root/project/Cluster-Chat-Server/build/CMakeFiles/CMakeTmp'
Building CXX object CMakeFiles/cmTC_d8126.dir/testCXXCompiler.cxx.o
/usr/bin/g++     -o CMakeFiles/cmTC_d8126.dir/testCXXCompiler.cxx.o -c /root/project/Cluster-Chat-Server/build/CMakeFiles/CMakeTmp/testCXXCompiler.cxx
Linking CXX executable cmTC_d8126
/usr/bin/cmake -E cmake_link_script CMakeFiles/cmTC_d8126.dir/link.txt --verbose=1
/usr/bin/g++       CMakeFiles/cmTC_d8126.dir/testCXXCompiler.cxx.o  -o cmTC_d8126 
gmake[1]: Leaving directory '/root/project/Cluster-Chat-Server/build/CMakeFiles/CMakeTmp'


Detecting CXX compiler ABI info compiled with the following output:
Change Dir: /root/project/Cluster-Chat-Server/build/CMakeFiles/CMakeTmp

Run Build Command:"/usr/bin/gmake" "cmTC_2bae2/fast"
/usr/bin/gmake -f CMakeFiles/cmTC_2bae2.dir/build.make CMakeFiles/cmTC_2bae2.dir/build
gmake[1]: Entering directory '/root/project/Cluster-Chat-Server/build/CMakeFiles/CMakeTmp'
Building CXX object CMakeFiles/cmTC_2bae2.dir/CMakeCXXCompilerABI.cpp.o
/usr/bin/g++     -o CMakeFiles/cmTC_2bae2.dir/CMakeCXXCompilerABI.cpp.o -c /usr/share/cmake/Modules/CMakeCXXCompilerABI.cpp
Linking CXX executable cmTC_2bae2
/usr/bin/cmake -E cmake_link_script CMakeFiles/cmTC_2bae2.dir/link.txt --verbose=1
/usr/bin/g++       CMakeFiles/cmTC_2bae2.dir/CMakeCXXCompilerABI.cpp.o  -o cmTC_2bae2 
gmake[1]: Leaving directory '/root/project/Cluster-Chat-Server/build/CMakeFiles/CMakeTmp'


